2025-07-19 11:26:27	ff059602-54a6-42cf-835a-e8e2a3408081GET	/pariwisata	undefined
2025-07-19 11:26:33	b96ce72a-c621-4e57-8cdb-d867f500c5f8GET	/umkm	undefined
2025-07-19 11:27:39	c262d092-73a8-41ac-9764-142fea47e256POST	/umkm	undefined
2025-07-19 11:28:03	df4bac21-59f6-4ab9-b171-40925f8188c0PATCH	/umkm	undefined
2025-07-19 11:28:13	5cd8f5f6-700e-4bd0-8dd7-771f7f2a6154GET	/umkm	undefined
2025-07-19 11:28:27	3062ee8a-065a-430a-893f-c4f243589c26GET	/umkm/id?umkmId:687b1ebb58a25ec8539f20ce	undefined
2025-07-19 11:28:35	69123fac-a705-47c5-a84b-76e84fd13580GET	/umkm/id?umkmId=687b1ebb58a25ec8539f20ce	undefined
2025-07-19 11:28:46	29fcbd21-dea4-4647-a933-ff4333f50072PATCH	/umkm?umkmId=687b1ebb58a25ec8539f20ce	undefined
2025-07-19 11:29:24	3bd6cfd1-abc7-4caa-bc57-e1abbcc31924GET	/pariwisata	undefined
2025-07-19 11:29:31	358fc30c-7972-4b35-81ee-c7c43da503eaPOST	/pariwisata	undefined
2025-07-19 11:29:42	5acf90dc-fb35-4f08-8fc3-686a2f096687GET	/pariwisata	undefined
2025-07-19 11:29:56	db1b2510-3e32-4a4a-aa92-2bdc71c19213GET	/pariwisata/id?pariwisataId=687b1f2b58a25ec8539f20d7	undefined
2025-07-19 11:30:33	87bddc76-cb56-4e31-a36a-27f749632b0cPATCH	/pariwisata?pariwisataId=687b1f2b58a25ec8539f20d7	undefined
2025-07-19 11:30:46	1f11dfdb-3d98-4bef-a41d-13c348569a2fDELETE	/pariwisata?pariwisataId=687b1f2b58a25ec8539f20d7	undefined
2025-07-19 11:30:57	a213e7b9-6f65-4ddd-8946-e113b3de33c7GET	/umkm	undefined
2025-07-19 11:31:13	6cdc28e8-140c-4624-96fa-d4aa1fbe6cc5DELETE	/umkm?umkmId=687b1ebb58a25ec8539f20ce	undefined
2025-07-19 11:31:22	d4c5fe4d-c367-421b-b6dd-cae9b3b27be4GET	/umkm	undefined
2025-07-19 11:31:26	396e90c3-b4df-4ec7-884d-1f1bf396f4e3GET	/pariwisata	undefined
2025-07-26 16:39:22	1b89e35c-b5dc-4cda-833c-785b345d716eGET	/pariwisata	http://localhost:3000
2025-07-27 22:06:40	888b1b81-ad86-4c7b-a628-2740bc18286eOPTIONS	/pariwisata	http://localhost:3000
2025-07-27 22:06:40	124cd7cb-78a1-4374-a128-1c5707135863POST	/pariwisata	http://localhost:3000
2025-07-27 22:06:40	ef47ad11-98fa-4d66-bf9c-39f081e7f79eGET	/pariwisata	http://localhost:3000
2025-07-27 22:52:59	8cb823cf-7e50-4b4a-804c-1a1fd19f6449GET	/pariwisata	http://localhost:3000
2025-07-27 22:53:20	547c1f4a-e518-4838-aed4-63e58e162921OPTIONS	/pariwisata	http://localhost:3000
2025-07-27 22:53:20	5eed0ca0-2c6d-4977-9653-0aafabf7bfe4POST	/pariwisata	http://localhost:3000
2025-07-27 22:54:13	dad90a50-11cf-44c5-837f-901d65495603OPTIONS	/pariwisata	http://localhost:3000
2025-07-27 22:54:13	b918c888-e6f0-426a-aaab-33a385154b98POST	/pariwisata	http://localhost:3000
2025-07-27 22:54:16	dbfa05ec-5133-4b7f-a90f-288b0e4b8925POST	/pariwisata	http://localhost:3000
2025-07-27 22:56:30	9a534dfa-e862-42d2-a267-782f932937f5OPTIONS	/pariwisata	http://localhost:3000
2025-07-27 22:56:30	60ebf029-d690-4c1e-b260-6aeced5cfebfPOST	/pariwisata	http://localhost:3000
2025-07-27 22:57:54	d55aaffc-15db-4edb-9869-b14d1e9fe929OPTIONS	/pariwisata	http://localhost:3000
2025-07-27 22:57:54	8049a75b-31fd-4503-a0ea-92cf153c4c93POST	/pariwisata	http://localhost:3000
2025-07-27 22:57:58	c8c2c143-9a4e-44a1-a5fd-1a88d6ee9f38GET	/pariwisata	http://localhost:3000
2025-07-27 23:01:50	baf5b80c-548d-4bec-b3ee-a5021c615421GET	/pariwisata	http://localhost:3000
2025-07-27 23:11:10	f36d55d3-82a4-41d9-bb09-7cfa893122a7GET	/pariwisata	http://localhost:3000
2025-07-27 23:13:20	bcfc2345-f0fe-4ba8-883b-885c971ef21cGET	/pariwisata	http://localhost:3000
2025-07-27 23:13:30	d9bc7b50-26f4-47e0-8d7b-8d02d374d197GET	/pariwisata	http://localhost:3000
2025-07-27 23:13:36	729c1f21-3162-4ba7-9458-0c157e12ca65GET	/pariwisata	http://localhost:3000
2025-07-27 23:15:51	03ed6d05-790b-4911-b22b-e61c5418c277GET	/pariwisata	http://localhost:3000
2025-07-27 23:16:07	b5c83f90-9ead-45f7-bda8-ed922e005f55GET	/pariwisata	http://localhost:3000
2025-07-27 23:22:38	4a7c26f2-cbb2-4704-907e-a4ae3f2e351dGET	/pariwisata	http://localhost:3000
2025-07-27 23:22:53	e6465828-2fe4-4f75-a66f-248ef33f4858GET	/pariwisata	http://localhost:3000
2025-07-27 23:23:59	996d8e39-3b27-4abc-b4d9-82368eb99db7GET	/pariwisata	http://localhost:3000
2025-07-27 23:24:40	17fa2a53-acc4-4906-9498-934e2eec4063OPTIONS	/pariwisata	http://localhost:3000
2025-07-27 23:24:40	3d3c0141-4c59-4893-845b-a66207372009POST	/pariwisata	http://localhost:3000
2025-07-27 23:24:40	d8ff3c71-4a95-4f49-a8df-3adda5430391GET	/pariwisata	http://localhost:3000
2025-07-28 00:02:37	a2762774-7945-4029-a17e-3d04068f6437GET	/pariwisata	http://localhost:3000
2025-07-28 10:50:07	2fbfc829-d4f8-4bf0-8e72-01e60e659350GET	/pariwisata	http://localhost:3000
2025-07-28 11:43:39	6e7e9727-90e4-4815-9a4b-819d382c49beGET	/pariwisata	http://localhost:3000
2025-07-28 11:54:20	6ac5e9d6-da20-4667-8b47-0f88b0189f81GET	/pariwisata	http://localhost:3000
2025-07-28 12:22:15	187694b1-cf89-476c-ba7d-8cef0c1b4a32OPTIONS	/pariwisata	http://localhost:3000
2025-07-28 12:22:15	52dfed82-ae17-436c-92bd-4bed992854fbPOST	/pariwisata	http://localhost:3000
2025-07-28 12:22:15	9d341675-4049-4831-8bd5-49d7c1f30db9GET	/pariwisata	http://localhost:3000
2025-07-28 12:36:59	e334cb75-32f3-42ae-b109-c21992e28502OPTIONS	/pariwisata	http://localhost:3000
2025-07-28 12:36:59	c8228c47-fc88-454c-93a6-f52f6fb733a5POST	/pariwisata	http://localhost:3000
2025-07-28 12:37:00	d3aec61c-40c7-4691-8b6d-ac8fc9ae6459GET	/pariwisata	http://localhost:3000
2025-07-28 12:37:46	dbf41445-9052-41ff-84b3-e96da96687e3OPTIONS	/pariwisata	http://localhost:3000
2025-07-28 12:37:46	9487035d-7277-40e9-80a6-58aa44dcf09aPOST	/pariwisata	http://localhost:3000
2025-07-28 12:37:46	85f70c75-5c21-4621-9339-509cd33f33cfGET	/pariwisata	http://localhost:3000
2025-07-28 12:38:33	7c15cada-d9c5-4432-ac13-af370acbeda1OPTIONS	/pariwisata	http://localhost:3000
2025-07-28 12:38:33	dac0ce6c-2c48-4603-9d0d-e6e7d8dbbe02POST	/pariwisata	http://localhost:3000
2025-07-28 12:38:33	1e08e947-57e0-4267-b813-b35e4fca928aGET	/pariwisata	http://localhost:3000
2025-07-28 12:39:17	8078be80-6f1f-4cda-8d3d-8a7fdc8b26a1OPTIONS	/pariwisata	http://localhost:3000
2025-07-28 12:39:17	911a051a-a883-4556-a3e0-d36f7a0ee2b8POST	/pariwisata	http://localhost:3000
2025-07-28 12:39:17	7a25f541-e4a0-481b-acb7-968a8e325664GET	/pariwisata	http://localhost:3000
2025-07-28 12:39:57	e317c82c-e9a7-4ae6-a5e4-a04c743527f1OPTIONS	/pariwisata	http://localhost:3000
2025-07-28 12:39:57	0c1eb6d2-3967-4ba2-8118-9247b2473e79POST	/pariwisata	http://localhost:3000
2025-07-28 12:39:57	62934f7f-2b77-468a-b802-d8739e56a1aaGET	/pariwisata	http://localhost:3000
2025-07-28 15:08:10	362237c1-9ee8-404d-8b8f-21a75160ad99OPTIONS	/pariwisata	http://localhost:3000
2025-07-28 15:08:10	74955a84-a855-4ab6-a6bd-7ec6f7acee8dPOST	/pariwisata	http://localhost:3000
2025-07-28 15:08:11	57c84f6f-4fcb-4aa8-9342-fa011a3d8164GET	/pariwisata	http://localhost:3000
2025-07-28 15:09:47	a1ee3406-d641-4b91-9568-5a6d7499d44fGET	/pariwisata	http://localhost:3000
2025-07-28 15:11:34	55334e13-e818-42f3-a069-22f2511c2ca2OPTIONS	/pariwisata	http://localhost:3000
2025-07-28 15:11:34	e5450543-7f21-4957-94a4-e9c1eb095dffPOST	/pariwisata	http://localhost:3000
2025-07-28 15:11:34	0427e6d9-4cf6-49cc-8151-807e8f875674GET	/pariwisata	http://localhost:3000
2025-07-28 15:12:08	d0c4bba1-de5c-4c45-afe5-a5daf47984d6OPTIONS	/pariwisata	http://localhost:3000
2025-07-28 15:12:08	2bf96742-c15b-4119-a469-4d35003e5927POST	/pariwisata	http://localhost:3000
2025-07-28 15:12:08	53ae123f-e334-4e38-af6b-b644e960c15fGET	/pariwisata	http://localhost:3000
2025-07-28 15:12:40	eb3eb462-ccc6-4160-a83f-5da3a9c4ba92OPTIONS	/pariwisata	http://localhost:3000
2025-07-28 15:12:40	539527cc-7493-4216-b78c-c8b44548fa11POST	/pariwisata	http://localhost:3000
2025-07-28 15:12:40	6a03b949-4545-4784-8f48-fd90ce34355eGET	/pariwisata	http://localhost:3000
2025-07-28 15:13:21	c585ca09-b051-4c40-877d-193fc69c113dOPTIONS	/pariwisata	http://localhost:3000
2025-07-28 15:13:21	62075df3-923c-40d4-b279-e0b465a62fedPOST	/pariwisata	http://localhost:3000
2025-07-28 15:13:21	111fea3c-0d1d-4f39-bf16-3595a2eee6edGET	/pariwisata	http://localhost:3000
2025-07-28 15:14:29	a39474cf-7581-4504-ae65-bc0537b262aaOPTIONS	/pariwisata	http://localhost:3000
2025-07-28 15:14:29	a8045dad-4ad7-4a6b-96b6-0ca79c4f7ab2POST	/pariwisata	http://localhost:3000
2025-07-28 15:14:29	e6f48dbf-8820-4706-b2ad-7f061dc41c03GET	/pariwisata	http://localhost:3000
2025-07-28 15:16:10	11ce9331-2fe4-4088-a41d-7bf4be2d2660OPTIONS	/pariwisata	http://localhost:3000
2025-07-28 15:16:10	972edc7b-f10b-42ca-90f8-cc425f490e11POST	/pariwisata	http://localhost:3000
2025-07-28 15:16:10	a0565578-487a-4823-8489-b211df0a6471GET	/pariwisata	http://localhost:3000
2025-07-28 15:17:10	44285967-af5a-416e-978b-ac10eb76528fOPTIONS	/pariwisata	http://localhost:3000
2025-07-28 15:17:10	461f5a13-2525-449a-b1b6-95dbf116ed16POST	/pariwisata	http://localhost:3000
2025-07-28 15:17:10	6ab3acf2-c9cf-4827-a2e2-cebc1d778898GET	/pariwisata	http://localhost:3000
2025-07-28 15:18:03	ae2fb213-e775-4e6f-b09f-f38148db8ed4OPTIONS	/pariwisata	http://localhost:3000
2025-07-28 15:18:03	031a7cbb-3587-4ee4-aaa2-2459bf77a20dPOST	/pariwisata	http://localhost:3000
2025-07-28 15:18:03	4ce46ffa-cfbc-4eda-85df-6d511197afd4GET	/pariwisata	http://localhost:3000
2025-07-28 15:19:01	93781b3b-aa66-4f19-b1c3-a8d6a3786a2aOPTIONS	/pariwisata	http://localhost:3000
2025-07-28 15:19:01	ae27a05c-d824-4ca4-a7c7-160d80e2d65aPOST	/pariwisata	http://localhost:3000
2025-07-28 15:19:01	b146446d-57b2-441f-8ba2-26f61385557aGET	/pariwisata	http://localhost:3000
2025-07-28 16:04:51	2eededbe-2ec2-4596-8f42-e08dc5dfda8fGET	/pariwisata	http://localhost:3000
2025-07-28 16:22:20	89cb74a2-5bac-427d-a14e-27e5efeadef0GET	/pariwisata	http://localhost:3000
2025-07-28 16:23:36	57a99c57-813a-4de6-8e1c-e5b83021ceb1GET	/pariwisata	http://localhost:3000
2025-07-28 18:50:19	c7e622ff-0372-4d11-96fb-be27dca5bff8GET	/pariwisata	http://localhost:3000
2025-07-28 18:50:48	b9cc7605-229e-4db8-8110-222948334758GET	/pariwisata	http://localhost:3000
2025-07-28 18:52:34	0020add4-ef29-49f9-b92d-6d43891b8824GET	/pariwisata	http://localhost:3000
2025-07-28 19:00:24	1a362c39-2a4c-4d88-8a08-7757eba9f596GET	/pariwisata	http://localhost:3000
2025-07-28 19:14:13	9482b862-84d5-443d-bb06-ecb3fe320456GET	/pariwisata	http://localhost:3000
2025-07-28 19:14:15	2487a170-8cba-4310-839b-65b7306b8681GET	/pariwisata	http://localhost:3000
2025-07-28 19:15:59	7909631d-d568-48fe-b115-c2f4d94efde5GET	/pariwisata	http://localhost:3000
2025-07-28 19:16:18	8be9c3e7-9401-4357-9f87-2dcb29660506GET	/pariwisata	http://localhost:3000
2025-07-28 19:16:18	11d67f8f-0fe1-46a7-a096-a8ec5120006eGET	/pariwisata	http://localhost:3000
2025-07-28 22:50:05	558798ff-b1a4-49d9-9ac0-170cff00d1d7GET	/pariwisata	http://localhost:3000
2025-07-28 23:47:47	d5045c56-b8e1-4826-a8f0-e4ade20b8b6fGET	/pariwisata	http://localhost:3000
2025-07-28 23:51:14	753f89da-c533-45a9-b190-fbe97a424553GET	/pariwisata	http://localhost:3000
2025-07-29 00:21:46	1c50e011-de83-43fc-8cab-7c7985d4bc9eGET	/pariwisata	undefined
2025-07-29 00:22:30	3ac43171-bc62-4d5b-aa88-8a32971d3cafPATCH	/pariwisata?pariwisataId=68870907c1401f984bef4088	undefined
2025-07-29 00:24:35	5d85faca-31bf-4353-8fe2-d7c3b17a1529GET	/pariwisata	http://localhost:3000
2025-07-29 00:24:42	80eacdd0-6946-43be-a767-1ca53ee1469cGET	/pariwisata	http://localhost:3000
2025-07-29 00:25:01	ab3457bb-8b7c-4d77-a652-b2e82f38f696GET	/pariwisata	http://localhost:3000
2025-07-29 00:27:57	210d5409-2547-428a-bbc4-43604041ef7dOPTIONS	/pariwisata?pariwisataId=undefined	http://localhost:3000
2025-07-29 00:27:57	a0341ad3-e37d-4a14-a6f0-ae61f5e25eedPATCH	/pariwisata?pariwisataId=undefined	http://localhost:3000
2025-07-29 00:31:45	9b0cf141-5a72-4169-be0c-d6547419d131OPTIONS	/pariwisata?pariwisataId=undefined	http://localhost:3000
2025-07-29 00:31:45	6fe6c0f7-97ec-4c58-8d7e-a0bdf59633aePATCH	/pariwisata?pariwisataId=undefined	http://localhost:3000
2025-07-29 00:32:47	a0e41536-ca75-4f1a-a7ce-c0c4078bed70OPTIONS	/pariwisata?pariwisataId=68870c7bc1401f984bef408b	http://localhost:3000
2025-07-29 00:32:47	c7265512-1579-46e7-8fc0-a8533d26eacfPATCH	/pariwisata?pariwisataId=68870c7bc1401f984bef408b	http://localhost:3000
2025-07-29 00:33:00	5d2e24b5-b30f-4578-85b6-b0346a555599GET	/pariwisata	http://localhost:3000
2025-07-29 00:34:26	281c031f-762f-4d89-ba0f-46de2e566987OPTIONS	/pariwisata?pariwisataId=68870caac1401f984bef408e	http://localhost:3000
2025-07-29 00:34:26	60bf2921-64d6-4c83-8766-32118a514d4bPATCH	/pariwisata?pariwisataId=68870caac1401f984bef408e	http://localhost:3000
2025-07-29 00:36:24	c93a0990-d6ee-4bbc-a7a0-b1a83646843aGET	/pariwisata	http://localhost:3000
2025-07-29 00:36:33	5381159e-71b9-4872-beda-ba32eeb32a2eOPTIONS	/pariwisata?pariwisataId=68870cd9c1401f984bef4091	http://localhost:3000
2025-07-29 00:36:33	a6f37842-042f-4eeb-af8d-12e0e2927e59PATCH	/pariwisata?pariwisataId=68870cd9c1401f984bef4091	http://localhost:3000
2025-07-29 00:36:33	4b30503b-c791-46fa-a8b1-3bab326347f9GET	/pariwisata	http://localhost:3000
2025-07-29 00:36:46	a204fcda-c9d6-4968-8a69-b48ffd5a1581OPTIONS	/pariwisata?pariwisataId=68870d05c1401f984bef4094	http://localhost:3000
2025-07-29 00:36:46	c20e6ae7-42dc-4a64-b455-fbffbe507ff1PATCH	/pariwisata?pariwisataId=68870d05c1401f984bef4094	http://localhost:3000
2025-07-29 00:36:46	5146b338-97fe-4aed-aa36-cf1b7b4addd8GET	/pariwisata	http://localhost:3000
2025-07-29 09:10:11	aa8b8e59-10f3-4a91-900e-bf00e0226f6fGET	/pariwisata	http://localhost:3000
2025-07-29 09:11:13	0877a764-5d61-4d32-b983-0b8505e9b8daOPTIONS	/pariwisata?pariwisataId=68872feac1401f984bef409a	http://localhost:3000
2025-07-29 09:11:13	578cec21-8a7e-4080-8b35-75a8ca9706bcPATCH	/pariwisata?pariwisataId=68872feac1401f984bef409a	http://localhost:3000
2025-07-29 09:11:13	a335c989-a046-4fe5-86ca-9b4ede8d9fbdGET	/pariwisata	http://localhost:3000
2025-07-29 09:12:48	523f7ea7-a4c3-46c8-a05d-d1558328eac0OPTIONS	/pariwisata	http://localhost:3000
2025-07-29 09:12:48	b77fcf58-35c3-4fc3-a3f3-1fe4e28daeb5POST	/pariwisata	http://localhost:3000
2025-07-29 09:12:48	c34fcced-f7e4-4d1d-b423-655bc30177e4GET	/pariwisata	http://localhost:3000
2025-07-29 09:12:58	20ada0f0-b1a6-476d-a93a-b6299471217dGET	/pariwisata	http://localhost:3000
2025-07-29 09:13:11	78adc243-565a-4993-844a-2fb21e80e46eGET	/pariwisata	http://localhost:3000
2025-07-29 09:13:32	99e20d01-9655-44d8-9f74-7c3a7f116922GET	/pariwisata	http://localhost:3000
2025-07-29 09:13:41	5de37de8-7e7e-415e-9842-a6adc628e00bGET	/pariwisata	http://localhost:3000
2025-07-29 09:14:18	cccadddc-9a9b-467a-9cc4-d27ce1d0449dOPTIONS	/pariwisata?pariwisataId=68882e202698d103fdbffc92	http://localhost:3000
2025-07-29 09:14:18	93ac9d18-daa4-4d52-b51c-7ce49f80dc0fDELETE	/pariwisata?pariwisataId=68882e202698d103fdbffc92	http://localhost:3000
2025-07-29 09:14:18	a59e55d6-7ac2-486b-a78c-18cdccca4287GET	/pariwisata	http://localhost:3000
2025-07-29 09:27:39	b5d6c5b2-9b2c-4b60-befe-264bf73fabc8GET	/pariwisata	http://localhost:3000
2025-07-29 09:27:48	8b879840-df0b-4897-ad0a-ce31f8e7155eGET	/pariwisata	http://localhost:3000
2025-07-29 09:33:30	0fc3dcca-7ddd-4380-b8b7-d8167843e128GET	/pariwisata	http://localhost:3000
2025-07-29 09:34:21	5e4980d9-500e-44c0-820d-6fa37750b2bcGET	/pariwisata	http://localhost:3000
2025-07-29 09:34:36	10226e42-9d5a-4671-8d05-164ba0849421GET	/pariwisata	http://localhost:3000
2025-07-29 09:39:14	a700d22d-0922-42a1-a778-9735c99e6401OPTIONS	/pariwisata?pariwisataId=68873165c1401f984bef40aa	http://localhost:3000
2025-07-29 09:39:14	e8050b69-faae-480c-8539-907f3f399072PATCH	/pariwisata?pariwisataId=68873165c1401f984bef40aa	http://localhost:3000
2025-07-29 09:39:14	123faf10-6bb9-4240-807e-5eda739f4d0eGET	/pariwisata	http://localhost:3000
2025-07-29 09:42:46	8e14add1-7fe4-493d-8a00-10721c5a9a2dGET	/pariwisata	http://localhost:3000
2025-07-29 09:50:32	8302e41f-615f-4853-ba19-8e4a1b7b40aaGET	/pariwisata	http://localhost:3000
2025-07-29 09:57:24	656af325-4399-4747-b596-f732b6b72caeGET	/pariwisata	http://localhost:3000
2025-07-29 09:57:31	9ab473d4-05a0-42e9-ad72-e6de898a89bdOPTIONS	/pariwisata?pariwisataId=688730b6c1401f984bef409e	http://localhost:3000
2025-07-29 09:57:31	74dde3b4-2701-4d81-ab80-16947d1ae28bPATCH	/pariwisata?pariwisataId=688730b6c1401f984bef409e	http://localhost:3000
2025-07-29 09:57:32	cfbfca90-59ed-4c6d-bfff-508d1b0cb2d8GET	/pariwisata	http://localhost:3000
2025-07-29 09:57:46	5acdc36b-b642-49c6-b5f9-c46d16c1fc05OPTIONS	/pariwisata?pariwisataId=6887323bc1401f984bef40b3	http://localhost:3000
2025-07-29 09:57:46	90675ebe-1a31-405c-8822-0bd6cb769743PATCH	/pariwisata?pariwisataId=6887323bc1401f984bef40b3	http://localhost:3000
2025-07-29 09:57:46	356b09e0-3f72-47c1-944a-027fe58ea9caGET	/pariwisata	http://localhost:3000
2025-07-29 09:57:53	f8ef76b1-b532-4010-bd77-4aed17044f97OPTIONS	/pariwisata?pariwisataId=68873275c1401f984bef40b6	http://localhost:3000
2025-07-29 09:57:53	c2d742b7-71a2-421e-99a9-d0f922205441PATCH	/pariwisata?pariwisataId=68873275c1401f984bef40b6	http://localhost:3000
2025-07-29 09:57:53	509da55d-2341-4ee0-b451-b6ca8cbff293GET	/pariwisata	http://localhost:3000
2025-07-29 09:58:02	8ec14603-ab6c-444c-9174-15fb50df88ddOPTIONS	/pariwisata?pariwisataId=68873206c1401f984bef40b0	http://localhost:3000
2025-07-29 09:58:02	ec8d39c2-405a-47b4-ae04-e8e843f51b4aPATCH	/pariwisata?pariwisataId=68873206c1401f984bef40b0	http://localhost:3000
2025-07-29 09:58:02	8ab6120b-5706-4278-a1cf-3f44a802aee9GET	/pariwisata	http://localhost:3000
2025-07-29 09:58:11	02eccdb5-979a-43e1-82f2-a26c9d598f31OPTIONS	/pariwisata?pariwisataId=688731cac1401f984bef40ad	http://localhost:3000
2025-07-29 09:58:11	9d1c33c1-57c7-4905-a604-00dcc868334bPATCH	/pariwisata?pariwisataId=688731cac1401f984bef40ad	http://localhost:3000
2025-07-29 09:58:11	470a3c1b-8e60-48bf-a168-7889065e0b52GET	/pariwisata	http://localhost:3000
2025-07-29 09:58:18	a4a5877f-27db-431a-b114-5a8c915080a8OPTIONS	/pariwisata?pariwisataId=68873121c1401f984bef40a7	http://localhost:3000
2025-07-29 09:58:18	d80a1f0c-0516-4335-8f84-c8a1857e15f0PATCH	/pariwisata?pariwisataId=68873121c1401f984bef40a7	http://localhost:3000
2025-07-29 09:58:18	19501f76-7c7e-4a15-be35-ada472643454GET	/pariwisata	http://localhost:3000
2025-07-29 09:58:46	986134f6-7abd-47ec-a7e6-f810dd8e9f9fOPTIONS	/pariwisata?pariwisataId=688730f8c1401f984bef40a4	http://localhost:3000
2025-07-29 09:58:46	7a59cc33-3423-4184-af14-b77907ab23aePATCH	/pariwisata?pariwisataId=688730f8c1401f984bef40a4	http://localhost:3000
2025-07-29 09:58:47	ccd78b70-21d3-4064-915a-d6220de5295fGET	/pariwisata	http://localhost:3000
2025-07-29 09:58:54	b040e7ee-d23c-4c80-9040-45e81db4dc8bOPTIONS	/pariwisata?pariwisataId=688730d8c1401f984bef40a1	http://localhost:3000
2025-07-29 09:58:54	7cf51ce5-5316-4761-b0a7-91e5fbe3f1a8PATCH	/pariwisata?pariwisataId=688730d8c1401f984bef40a1	http://localhost:3000
2025-07-29 09:58:54	b9253a36-75b7-47de-8403-165bb98754f5GET	/pariwisata	http://localhost:3000
2025-07-29 09:59:02	c0074376-872e-4971-9213-53302ba6d4c1OPTIONS	/pariwisata?pariwisataId=68870d2dc1401f984bef4097	http://localhost:3000
2025-07-29 09:59:02	027f5049-5938-4e9d-895a-8f06684782b8PATCH	/pariwisata?pariwisataId=68870d2dc1401f984bef4097	http://localhost:3000
2025-07-29 09:59:02	77e3b1fe-d134-44e9-8204-fc8e7d1fd271GET	/pariwisata	http://localhost:3000
2025-07-29 10:26:29	79ea5074-ecd5-46c7-8c91-4a9ea86268afGET	/pariwisata	undefined
2025-08-01 08:30:46	e9b9241f-1000-4bde-80a8-9723c0585e12GET	/pariwisata	http://localhost:3000
2025-08-01 08:30:46	4c0687a7-3ce5-443c-a027-fbf72c1547b1GET	/pariwisata	http://localhost:3000
2025-08-01 08:31:08	1d0d34b7-3d5c-4188-87f0-32f7c6281a5cOPTIONS	/pariwisata	http://localhost:3000
2025-08-01 08:31:08	d96a42a3-99d3-4e6c-8ada-6b176c3dc7d6POST	/pariwisata	http://localhost:3000
2025-08-01 08:31:08	9d212d38-b303-47d1-9cb3-d901826ee7b5GET	/pariwisata	http://localhost:3000
2025-08-01 08:31:36	ad8b9e2c-5c83-458a-bf22-71afed2952c8OPTIONS	/pariwisata?pariwisataId=688c18dc16d5aec44a4f9ccf	http://localhost:3000
2025-08-01 08:31:36	3c0a2134-fb9e-4f76-83e4-cf2799165e0bDELETE	/pariwisata?pariwisataId=688c18dc16d5aec44a4f9ccf	http://localhost:3000
2025-08-01 08:31:36	c50db81b-ac4c-4149-961a-b146e6f35e5bGET	/pariwisata	http://localhost:3000
2025-08-01 15:06:20	ec831382-4a7f-42d8-9c23-13cd49bf04cbGET	/buku	http://localhost:3000
2025-08-01 15:06:20	67740d36-f739-4d36-ae9f-28308a39f31bGET	/data	http://localhost:3000
2025-08-01 15:06:20	b2a47b61-2ff6-428c-b15a-b11967d6a0edGET	/perpindahan	http://localhost:3000
2025-08-01 15:07:45	3f535d1e-f3e8-437c-912f-2107bc07d9caGET	/perpindahan	http://localhost:3000
2025-08-01 15:07:46	a3546094-d497-475b-bba0-b4f0518aeaebGET	/data	http://localhost:3000
2025-08-01 15:07:46	4b7d13d3-b32e-4c4c-9f27-b386f120808aGET	/buku	http://localhost:3000
